2021-03-01 09:15:08,668 [restartedMain] INFO  com.ashokit.Application                            - Starting Application using Java 1.8.0_261 on LAPTOP-RI3DGBJN with PID 18464 (D:\stsworkspace\08-PhoneBook-App\target\classes started by 91990 in D:\stsworkspace\08-PhoneBook-App)
2021-03-01 09:15:08,670 [restartedMain] INFO  com.ashokit.Application                            - No active profile set, falling back to default profiles: default
2021-03-01 09:15:08,720 [restartedMain] INFO  o.s.b.d.e.DevToolsPropertyDefaultsPostProcessor    - Devtools property defaults active! Set 'spring.devtools.add-properties' to 'false' to disable
2021-03-01 09:15:08,722 [restartedMain] INFO  o.s.b.d.e.DevToolsPropertyDefaultsPostProcessor    - For additional web related logging consider setting the 'logging.level.web' property to 'DEBUG'
2021-03-01 09:15:09,663 [restartedMain] INFO  o.s.d.r.c.RepositoryConfigurationDelegate          - Bootstrapping Spring Data JPA repositories in DEFAULT mode.
2021-03-01 09:15:09,703 [restartedMain] INFO  o.s.d.r.c.RepositoryConfigurationDelegate          - Finished Spring Data repository scanning in 33 ms. Found 1 JPA repository interfaces.
2021-03-01 09:15:10,177 [restartedMain] INFO  o.s.b.w.embedded.tomcat.TomcatWebServer            - Tomcat initialized with port(s): 9090 (http)
2021-03-01 09:15:10,186 [restartedMain] INFO  o.apache.coyote.http11.Http11NioProtocol           - Initializing ProtocolHandler ["http-nio-9090"]
2021-03-01 09:15:10,187 [restartedMain] INFO  org.apache.catalina.core.StandardService           - Starting service [Tomcat]
2021-03-01 09:15:10,187 [restartedMain] INFO  org.apache.catalina.core.StandardEngine            - Starting Servlet engine: [Apache Tomcat/9.0.43]
2021-03-01 09:15:10,256 [restartedMain] INFO  o.a.c.c.C.[Tomcat].[localhost].[/]                 - Initializing Spring embedded WebApplicationContext
2021-03-01 09:15:10,256 [restartedMain] INFO  o.s.b.w.s.c.ServletWebServerApplicationContext     - Root WebApplicationContext: initialization completed in 1532 ms
2021-03-01 09:15:10,362 [restartedMain] INFO  com.zaxxer.hikari.HikariDataSource                 - HikariPool-1 - Starting...
2021-03-01 09:15:10,456 [restartedMain] INFO  com.zaxxer.hikari.HikariDataSource                 - HikariPool-1 - Start completed.
2021-03-01 09:15:10,463 [restartedMain] INFO  o.s.b.a.h2.H2ConsoleAutoConfiguration              - H2 console available at '/h2-console'. Database available at 'jdbc:h2:mem:testdb'
2021-03-01 09:15:10,699 [restartedMain] INFO  o.hibernate.jpa.internal.util.LogHelper            - HHH000204: Processing PersistenceUnitInfo [name: default]
2021-03-01 09:15:10,734 [restartedMain] INFO  org.hibernate.Version                              - HHH000412: Hibernate ORM core version 5.4.28.Final
2021-03-01 09:15:10,825 [restartedMain] INFO  org.hibernate.annotations.common.Version           - HCANN000001: Hibernate Commons Annotations {5.1.2.Final}
2021-03-01 09:15:10,903 [restartedMain] INFO  org.hibernate.dialect.Dialect                      - HHH000400: Using dialect: org.hibernate.dialect.H2Dialect
2021-03-01 09:15:11,331 [restartedMain] INFO  o.h.e.t.j.p.i.JtaPlatformInitiator                 - HHH000490: Using JtaPlatform implementation: [org.hibernate.engine.transaction.jta.platform.internal.NoJtaPlatform]
2021-03-01 09:15:11,339 [restartedMain] INFO  o.s.o.j.LocalContainerEntityManagerFactoryBean     - Initialized JPA EntityManagerFactory for persistence unit 'default'
2021-03-01 09:15:11,365 [restartedMain] INFO  o.s.b.d.a.OptionalLiveReloadServer                 - LiveReload server is running on port 35729
2021-03-01 09:15:11,737 [restartedMain] WARN  o.s.b.a.o.j.JpaBaseConfiguration$JpaWebConfiguration - spring.jpa.open-in-view is enabled by default. Therefore, database queries may be performed during view rendering. Explicitly configure spring.jpa.open-in-view to disable this warning
2021-03-01 09:15:11,915 [restartedMain] INFO  o.s.b.a.e.web.EndpointLinksResolver                - Exposing 2 endpoint(s) beneath base path '/actuator'
2021-03-01 09:15:12,058 [restartedMain] INFO  o.s.s.concurrent.ThreadPoolTaskExecutor            - Initializing ExecutorService 'applicationTaskExecutor'
2021-03-01 09:15:12,284 [restartedMain] INFO  o.apache.coyote.http11.Http11NioProtocol           - Starting ProtocolHandler ["http-nio-9090"]
2021-03-01 09:15:12,300 [restartedMain] INFO  o.s.b.w.embedded.tomcat.TomcatWebServer            - Tomcat started on port(s): 9090 (http) with context path ''
2021-03-01 09:15:12,310 [restartedMain] INFO  s.d.s.w.p.DocumentationPluginsBootstrapper         - Context refreshed
2021-03-01 09:15:12,325 [restartedMain] INFO  s.d.s.w.p.DocumentationPluginsBootstrapper         - Found 1 custom documentation plugin(s)
2021-03-01 09:15:12,334 [restartedMain] INFO  s.d.s.w.s.ApiListingReferenceScanner               - Scanning for api listing references
2021-03-01 09:15:12,438 [restartedMain] INFO  com.ashokit.Application                            - Started Application in 4.066 seconds (JVM running for 4.839)
2021-03-01 09:29:06,205 [RMI TCP Connection(2)-127.0.0.1] INFO  o.s.b.a.SpringApplicationAdminMXBeanRegistrar$SpringApplicationAdmin - Application shutdown requested.
2021-03-01 09:29:06,308 [RMI TCP Connection(2)-127.0.0.1] INFO  o.s.s.concurrent.ThreadPoolTaskExecutor            - Shutting down ExecutorService 'applicationTaskExecutor'
2021-03-01 09:29:06,311 [RMI TCP Connection(2)-127.0.0.1] INFO  o.s.o.j.LocalContainerEntityManagerFactoryBean     - Closing JPA EntityManagerFactory for persistence unit 'default'
2021-03-01 09:29:06,311 [RMI TCP Connection(2)-127.0.0.1] INFO  o.h.t.s.i.SchemaDropperImpl$DelayedDropActionImpl  - HHH000477: Starting delayed evictData of schema as part of SessionFactory shut-down'
2021-03-01 09:29:06,534 [RMI TCP Connection(2)-127.0.0.1] WARN  o.s.b.f.support.DisposableBeanAdapter              - Invocation of destroy method failed on bean with name 'inMemoryDatabaseShutdownExecutor': org.h2.jdbc.JdbcSQLNonTransientConnectionException: Database is already closed (to disable automatic closing at VM shutdown, add ";DB_CLOSE_ON_EXIT=FALSE" to the db URL) [90121-200]
2021-03-01 09:29:06,537 [RMI TCP Connection(2)-127.0.0.1] INFO  com.zaxxer.hikari.HikariDataSource                 - HikariPool-1 - Shutdown initiated...
2021-03-01 09:29:06,542 [RMI TCP Connection(2)-127.0.0.1] INFO  com.zaxxer.hikari.HikariDataSource                 - HikariPool-1 - Shutdown completed.
